<?xml version="1.0" encoding="UTF-8"?>
<testsuite name="com.walmart.ticketservice.service.TicketServiceImplTest" time="0.241" tests="16" errors="0" skipped="0" failures="0">
  <properties>
[...]
</properties>
  <testcase name="testFindAndHoldSeatsAvailableInSingleRow" classname="com.walmart.ticketservice.service.TicketServiceImplTest" time="0.076"/>
  <testcase name="testReserveSeatsUnknownException" classname="com.walmart.ticketservice.service.TicketServiceImplTest" time="0.006"/>
  <testcase name="testFindAndHoldSeats" classname="com.walmart.ticketservice.service.TicketServiceImplTest" time="0.014"/>
  <testcase name="testReserveSeatsHoldExipred" classname="com.walmart.ticketservice.service.TicketServiceImplTest" time="0.007"/>
  <testcase name="testFindAndHoldSeatsWhenAnthorUserHold" classname="com.walmart.ticketservice.service.TicketServiceImplTest" time="0.015"/>
  <testcase name="testReserveSeats" classname="com.walmart.ticketservice.service.TicketServiceImplTest" time="0.01"/>
  <testcase name="testReserveSeatsInvalidHoldId" classname="com.walmart.ticketservice.service.TicketServiceImplTest" time="0.026"/>
  <testcase name="testFindAndHoldSeatsException" classname="com.walmart.ticketservice.service.TicketServiceImplTest" time="0.019"/>
  <testcase name="testReserveSeatsInvalidEmail" classname="com.walmart.ticketservice.service.TicketServiceImplTest" time="0.001"/>
  <testcase name="testFindAndHoldSeatsForNoEmail" classname="com.walmart.ticketservice.service.TicketServiceImplTest" time="0.008"/>
  <testcase name="testNumSeatsAvailable" classname="com.walmart.ticketservice.service.TicketServiceImplTest" time="0.006"/>
  <testcase name="testFindAndHoldSeatsFromBestSeats" classname="com.walmart.ticketservice.service.TicketServiceImplTest" time="0.015"/>
  <testcase name="testFindAndHoldSeatsForZeroSeats" classname="com.walmart.ticketservice.service.TicketServiceImplTest" time="0.005"/>
  <testcase name="testFindAndHoldSeatsSeatsAviable" classname="com.walmart.ticketservice.service.TicketServiceImplTest" time="0.015"/>
  <testcase name="testFindAndHoldSeatsAllSeatsAvaiable" classname="com.walmart.ticketservice.service.TicketServiceImplTest" time="0.009"/>
  <testcase name="testFindAndHoldSeatsFromTwoConsercutiveRows" classname="com.walmart.ticketservice.service.TicketServiceImplTest" time="0.009"/>
</testsuite>